<?xml version="1.0" encoding="UTF-8"?>
<testng-results skipped="0" failed="0" total="2" passed="2">
  <reporter-output>
  </reporter-output>
  <suite name="Default suite" duration-ms="18132" started-at="2016-10-06T18:22:54Z" finished-at="2016-10-06T18:23:12Z">
    <groups>
    </groups>
    <test name="Default test" duration-ms="18132" started-at="2016-10-06T18:22:54Z" finished-at="2016-10-06T18:23:12Z">
      <class name="testCases.Login">
        <test-method status="PASS" signature="BeforeTest()[pri:0, instance:testCases.Login@26f67b76]" name="BeforeTest" is-config="true" duration-ms="8" started-at="2016-10-06T20:22:54Z" finished-at="2016-10-06T20:22:54Z">
          <reporter-output>
          </reporter-output>
        </test-method> <!-- BeforeTest -->
        <test-method status="PASS" signature="BeforeMethod()[pri:0, instance:testCases.Login@26f67b76]" name="BeforeMethod" is-config="true" duration-ms="5492" started-at="2016-10-06T20:22:54Z" finished-at="2016-10-06T20:22:59Z">
          <reporter-output>
          </reporter-output>
        </test-method> <!-- BeforeMethod -->
        <test-method status="PASS" signature="login()[pri:0, instance:testCases.Login@26f67b76]" name="login" duration-ms="3029" started-at="2016-10-06T20:22:59Z" finished-at="2016-10-06T20:23:02Z">
          <reporter-output>
          </reporter-output>
        </test-method> <!-- login -->
        <test-method status="PASS" signature="BeforeMethod()[pri:0, instance:testCases.Login@26f67b76]" name="BeforeMethod" is-config="true" duration-ms="6097" started-at="2016-10-06T20:23:02Z" finished-at="2016-10-06T20:23:08Z">
          <reporter-output>
          </reporter-output>
        </test-method> <!-- BeforeMethod -->
        <test-method status="PASS" signature="loginBadPass()[pri:0, instance:testCases.Login@26f67b76]" name="loginBadPass" duration-ms="3488" started-at="2016-10-06T20:23:08Z" finished-at="2016-10-06T20:23:12Z">
          <reporter-output>
          </reporter-output>
        </test-method> <!-- loginBadPass -->
      </class> <!-- testCases.Login -->
    </test> <!-- Default test -->
  </suite> <!-- Default suite -->
</testng-results>
